{
  "timestamp": "2025-09-09T12:04:51.744171",
  "test_suites": [
    {
      "name": "Core Functionality",
      "file": "tests/test_core_functionality.py",
      "category": "unit",
      "status": "PASSED",
      "duration": 5.816933631896973,
      "passed": 32,
      "failed": 0,
      "skipped": 2,
      "errors": 0,
      "total": 34,
      "returncode": 0,
      "stdout": "============================= test session starts ==============================\nplatform linux -- Python 3.13.3, pytest-8.4.2, pluggy-1.6.0 -- /usr/bin/python3\ncachedir: .pytest_cache\nrootdir: /workspace\nconfigfile: pyproject.toml\nplugins: anyio-4.10.0, asyncio-1.1.0, mock-3.15.0\nasyncio: mode=Mode.STRICT, asyncio_default_fixture_loop_scope=None, asyncio_default_test_loop_scope=function\ncollecting ... collected 34 items\n\ntests/test_core_functionality.py::TestCoreImports::test_memory_manager_import PASSED [  2%]\ntests/test_core_functionality.py::TestCoreImports::test_llm_client_import PASSED [  5%]\ntests/test_core_functionality.py::TestCoreImports::test_tool_manager_import PASSED [  8%]\ntests/test_core_functionality.py::TestCoreImports::test_agent_manager_import PASSED [ 11%]\ntests/test_core_functionality.py::TestCoreImports::test_agents_import PASSED [ 14%]\ntests/test_core_functionality.py::TestCoreImports::test_document_ingestor_import PASSED [ 17%]\ntests/test_core_functionality.py::TestCoreImports::test_book_workflow_import PASSED [ 20%]\ntests/test_core_functionality.py::TestCoreImports::test_cli_import PASSED [ 23%]\ntests/test_core_functionality.py::TestCoreImports::test_gui_import SKIPPED [ 26%]\ntests/test_core_functionality.py::TestMemoryManagerCore::test_memory_manager_creation PASSED [ 29%]\ntests/test_core_functionality.py::TestMemoryManagerCore::test_memory_entry_creation PASSED [ 32%]\ntests/test_core_functionality.py::TestMemoryManagerCore::test_retrieval_result_creation PASSED [ 35%]\ntests/test_core_functionality.py::TestLLMClientCore::test_llm_client_creation PASSED [ 38%]\ntests/test_core_functionality.py::TestLLMClientCore::test_llm_client_attributes PASSED [ 41%]\ntests/test_core_functionality.py::TestToolManagerCore::test_tool_manager_creation PASSED [ 44%]\ntests/test_core_functionality.py::TestToolManagerCore::test_tool_definition_creation PASSED [ 47%]\ntests/test_core_functionality.py::TestToolManagerCore::test_tool_request_creation PASSED [ 50%]\ntests/test_core_functionality.py::TestAgentManagerCore::test_agent_manager_creation PASSED [ 52%]\ntests/test_core_functionality.py::TestAgentManagerCore::test_agent_status_enum PASSED [ 55%]\ntests/test_core_functionality.py::TestAgentManagerCore::test_task_status_enum PASSED [ 58%]\ntests/test_core_functionality.py::TestDocumentIngestorCore::test_document_ingestor_creation PASSED [ 61%]\ntests/test_core_functionality.py::TestDocumentIngestorCore::test_supported_formats PASSED [ 64%]\ntests/test_core_functionality.py::TestBookWorkflowCore::test_book_workflow_creation PASSED [ 67%]\ntests/test_core_functionality.py::TestCLICore::test_cli_module_structure PASSED [ 70%]\ntests/test_core_functionality.py::TestCLICore::test_cli_commands_available PASSED [ 73%]\ntests/test_core_functionality.py::TestGUICore::test_gui_module_structure SKIPPED [ 76%]\ntests/test_core_functionality.py::TestIntegrationCore::test_module_interconnections PASSED [ 79%]\ntests/test_core_functionality.py::TestIntegrationCore::test_data_flow_compatibility PASSED [ 82%]\ntests/test_core_functionality.py::TestErrorHandling::test_memory_manager_error_handling PASSED [ 85%]\ntests/test_core_functionality.py::TestErrorHandling::test_llm_client_error_handling PASSED [ 88%]\ntests/test_core_functionality.py::TestErrorHandling::test_tool_manager_error_handling PASSED [ 91%]\ntests/test_core_functionality.py::TestPerformance::test_memory_manager_performance PASSED [ 94%]\ntests/test_core_functionality.py::TestPerformance::test_llm_client_performance PASSED [ 97%]\ntests/test_core_functionality.py::TestPerformance::test_tool_manager_performance PASSED [100%]\n\n=============================== warnings summary ===============================\n../home/ubuntu/.local/lib/python3.13/site-packages/PyPDF2/__init__.py:21\n  /home/ubuntu/.local/lib/python3.13/site-packages/PyPDF2/__init__.py:21: DeprecationWarning: PyPDF2 is deprecated. Please move to the pypdf library instead.\n    warnings.warn(\n\n-- Docs: https://docs.pytest.org/en/stable/how-to/capture-warnings.html\n============================= slowest 10 durations =============================\n0.43s call     tests/test_core_functionality.py::TestMemoryManagerCore::test_memory_manager_creation\n0.35s call     tests/test_core_functionality.py::TestPerformance::test_memory_manager_performance\n0.33s call     tests/test_core_functionality.py::TestErrorHandling::test_memory_manager_error_handling\n0.27s call     tests/test_core_functionality.py::TestIntegrationCore::test_module_interconnections\n0.02s call     tests/test_core_functionality.py::TestCoreImports::test_gui_import\n0.00s call     tests/test_core_functionality.py::TestCoreImports::test_cli_import\n0.00s call     tests/test_core_functionality.py::TestLLMClientCore::test_llm_client_creation\n0.00s call     tests/test_core_functionality.py::TestPerformance::test_llm_client_performance\n0.00s call     tests/test_core_functionality.py::TestErrorHandling::test_llm_client_error_handling\n0.00s call     tests/test_core_functionality.py::TestLLMClientCore::test_llm_client_attributes\n=================== 32 passed, 2 skipped, 1 warning in 1.44s ===================\n",
      "stderr": ""
    },
    {
      "name": "Memory Operations",
      "file": "tests/test_memory_operations.py",
      "category": "unit",
      "status": "PASSED",
      "duration": 6.845808029174805,
      "passed": 29,
      "failed": 0,
      "skipped": 0,
      "errors": 0,
      "total": 29,
      "returncode": 0,
      "stdout": "============================= test session starts ==============================\nplatform linux -- Python 3.13.3, pytest-8.4.2, pluggy-1.6.0 -- /usr/bin/python3\ncachedir: .pytest_cache\nrootdir: /workspace\nconfigfile: pyproject.toml\nplugins: anyio-4.10.0, asyncio-1.1.0, mock-3.15.0\nasyncio: mode=Mode.STRICT, asyncio_default_fixture_loop_scope=None, asyncio_default_test_loop_scope=function\ncollecting ... collected 29 items\n\ntests/test_memory_operations.py::TestMemoryOperations::test_memory_manager_initialization PASSED [  3%]\ntests/test_memory_operations.py::TestMemoryOperations::test_memory_manager_stats PASSED [  6%]\ntests/test_memory_operations.py::TestMemoryOperations::test_memory_clear_operation PASSED [ 10%]\ntests/test_memory_operations.py::TestMemoryOperations::test_memory_entry_validation PASSED [ 13%]\ntests/test_memory_operations.py::TestMemoryOperations::test_retrieval_result_validation PASSED [ 17%]\ntests/test_memory_operations.py::TestLLMOperations::test_llm_client_initialization PASSED [ 20%]\ntests/test_memory_operations.py::TestLLMOperations::test_llm_client_providers PASSED [ 24%]\ntests/test_memory_operations.py::TestLLMOperations::test_llm_generate_with_mock PASSED [ 27%]\ntests/test_memory_operations.py::TestToolOperations::test_tool_manager_initialization PASSED [ 31%]\ntests/test_memory_operations.py::TestToolOperations::test_tool_manager_stats PASSED [ 34%]\ntests/test_memory_operations.py::TestToolOperations::test_tool_definition_validation PASSED [ 37%]\ntests/test_memory_operations.py::TestToolOperations::test_tool_request_validation PASSED [ 41%]\ntests/test_memory_operations.py::TestToolOperations::test_tool_response_validation PASSED [ 44%]\ntests/test_memory_operations.py::TestAgentOperations::test_agent_manager_initialization PASSED [ 48%]\ntests/test_memory_operations.py::TestAgentOperations::test_agent_status_enum_values PASSED [ 51%]\ntests/test_memory_operations.py::TestAgentOperations::test_task_status_enum_values PASSED [ 55%]\ntests/test_memory_operations.py::TestAgentOperations::test_agent_task_validation PASSED [ 58%]\ntests/test_memory_operations.py::TestDocumentOperations::test_document_ingestor_initialization PASSED [ 62%]\ntests/test_memory_operations.py::TestDocumentOperations::test_supported_formats PASSED [ 65%]\ntests/test_memory_operations.py::TestBookWorkflowOperations::test_book_metadata_creation PASSED [ 68%]\ntests/test_memory_operations.py::TestBookWorkflowOperations::test_chapter_metadata_creation PASSED [ 72%]\ntests/test_memory_operations.py::TestIntegrationOperations::test_memory_tool_integration PASSED [ 75%]\ntests/test_memory_operations.py::TestIntegrationOperations::test_agent_memory_integration PASSED [ 79%]\ntests/test_memory_operations.py::TestErrorHandling::test_memory_error_handling PASSED [ 82%]\ntests/test_memory_operations.py::TestErrorHandling::test_tool_error_handling PASSED [ 86%]\ntests/test_memory_operations.py::TestErrorHandling::test_llm_error_handling PASSED [ 89%]\ntests/test_memory_operations.py::TestPerformance::test_memory_initialization_performance PASSED [ 93%]\ntests/test_memory_operations.py::TestPerformance::test_tool_initialization_performance PASSED [ 96%]\ntests/test_memory_operations.py::TestPerformance::test_agent_initialization_performance PASSED [100%]\n\n=============================== warnings summary ===============================\n../home/ubuntu/.local/lib/python3.13/site-packages/PyPDF2/__init__.py:21\n  /home/ubuntu/.local/lib/python3.13/site-packages/PyPDF2/__init__.py:21: DeprecationWarning: PyPDF2 is deprecated. Please move to the pypdf library instead.\n    warnings.warn(\n\n-- Docs: https://docs.pytest.org/en/stable/how-to/capture-warnings.html\n============================= slowest 10 durations =============================\n0.39s call     tests/test_memory_operations.py::TestMemoryOperations::test_memory_manager_initialization\n0.32s call     tests/test_memory_operations.py::TestMemoryOperations::test_memory_manager_stats\n0.30s call     tests/test_memory_operations.py::TestIntegrationOperations::test_agent_memory_integration\n0.29s call     tests/test_memory_operations.py::TestErrorHandling::test_memory_error_handling\n0.28s call     tests/test_memory_operations.py::TestPerformance::test_memory_initialization_performance\n0.28s call     tests/test_memory_operations.py::TestMemoryOperations::test_memory_clear_operation\n0.28s call     tests/test_memory_operations.py::TestIntegrationOperations::test_memory_tool_integration\n0.00s call     tests/test_memory_operations.py::TestLLMOperations::test_llm_generate_with_mock\n0.00s call     tests/test_memory_operations.py::TestLLMOperations::test_llm_client_initialization\n0.00s call     tests/test_memory_operations.py::TestLLMOperations::test_llm_client_providers\n======================== 29 passed, 1 warning in 2.17s =========================\n",
      "stderr": ""
    },
    {
      "name": "Simple Tests",
      "file": "tests/test_simple.py",
      "category": "unit",
      "status": "PASSED",
      "duration": 4.865147590637207,
      "passed": 9,
      "failed": 0,
      "skipped": 0,
      "errors": 0,
      "total": 9,
      "returncode": 0,
      "stdout": "============================= test session starts ==============================\nplatform linux -- Python 3.13.3, pytest-8.4.2, pluggy-1.6.0 -- /usr/bin/python3\ncachedir: .pytest_cache\nrootdir: /workspace\nconfigfile: pyproject.toml\nplugins: anyio-4.10.0, asyncio-1.1.0, mock-3.15.0\nasyncio: mode=Mode.STRICT, asyncio_default_fixture_loop_scope=None, asyncio_default_test_loop_scope=function\ncollecting ... collected 10 items\n\ntests/test_simple.py::TestSimple::test_basic_imports PASSED              [ 10%]\ntests/test_simple.py::TestSimple::test_memory_manager_creation PASSED    [ 20%]\ntests/test_simple.py::TestSimple::test_llm_client_creation PASSED        [ 30%]\ntests/test_simple.py::TestSimple::test_tool_manager_creation PASSED      [ 40%]\ntests/test_simple.py::TestSimple::test_agent_imports PASSED              [ 50%]\ntests/test_simple.py::TestSimple::test_book_workflow_import PASSED       [ 60%]\ntests/test_simple.py::TestSimple::test_document_ingestor_import PASSED   [ 70%]\ntests/test_simple.py::TestSimple::test_cli_import PASSED                 [ 80%]\ntests/test_simple.py::TestSimple::test_gui_import SKIPPED (PyQt6 not\ninstalled - GUI module not available)                                    [ 90%]\ntests/test_simple.py::TestSimple::test_basic_functionality PASSED        [100%]\n\n=============================== warnings summary ===============================\n../home/ubuntu/.local/lib/python3.13/site-packages/PyPDF2/__init__.py:21\n  /home/ubuntu/.local/lib/python3.13/site-packages/PyPDF2/__init__.py:21: DeprecationWarning: PyPDF2 is deprecated. Please move to the pypdf library instead.\n    warnings.warn(\n\n-- Docs: https://docs.pytest.org/en/stable/how-to/capture-warnings.html\n============================= slowest 10 durations =============================\n0.38s call     tests/test_simple.py::TestSimple::test_memory_manager_creation\n0.02s call     tests/test_simple.py::TestSimple::test_gui_import\n0.00s call     tests/test_simple.py::TestSimple::test_llm_client_creation\n0.00s call     tests/test_simple.py::TestSimple::test_cli_import\n0.00s call     tests/test_simple.py::TestSimple::test_tool_manager_creation\n0.00s setup    tests/test_simple.py::TestSimple::test_basic_imports\n0.00s teardown tests/test_simple.py::TestSimple::test_gui_import\n0.00s call     tests/test_simple.py::TestSimple::test_basic_imports\n0.00s call     tests/test_simple.py::TestSimple::test_basic_functionality\n0.00s setup    tests/test_simple.py::TestSimple::test_llm_client_creation\n=================== 9 passed, 1 skipped, 1 warning in 0.42s ====================\n",
      "stderr": ""
    },
    {
      "name": "GUI Comprehensive",
      "file": "tests/test_gui_comprehensive.py",
      "category": "integration",
      "status": "FAILED",
      "duration": 4.140905141830444,
      "passed": 0,
      "failed": 0,
      "skipped": 0,
      "errors": 0,
      "total": 0,
      "returncode": 2,
      "stdout": "============================= test session starts ==============================\nplatform linux -- Python 3.13.3, pytest-8.4.2, pluggy-1.6.0 -- /usr/bin/python3\ncachedir: .pytest_cache\nrootdir: /workspace\nconfigfile: pyproject.toml\nplugins: anyio-4.10.0, asyncio-1.1.0, mock-3.15.0\nasyncio: mode=Mode.STRICT, asyncio_default_fixture_loop_scope=None, asyncio_default_test_loop_scope=function\ncollecting ... collected 0 items / 1 error\n\n==================================== ERRORS ====================================\n_______________ ERROR collecting tests/test_gui_comprehensive.py _______________\nImportError while importing test module '/workspace/tests/test_gui_comprehensive.py'.\nHint: make sure your test modules/packages have valid Python names.\nTraceback:\n/home/ubuntu/.local/lib/python3.13/site-packages/_pytest/python.py:498: in importtestmodule\n    mod = import_path(\n/home/ubuntu/.local/lib/python3.13/site-packages/_pytest/pathlib.py:587: in import_path\n    importlib.import_module(module_name)\n/usr/lib/python3.13/importlib/__init__.py:88: in import_module\n    return _bootstrap._gcd_import(name[level:], package, level)\n           ^^^^^^^^^^^^^^^^^^^^^^^^^^^^^^^^^^^^^^^^^^^^^^^^^^^^\n<frozen importlib._bootstrap>:1387: in _gcd_import\n    ???\n<frozen importlib._bootstrap>:1360: in _find_and_load\n    ???\n<frozen importlib._bootstrap>:1331: in _find_and_load_unlocked\n    ???\n<frozen importlib._bootstrap>:935: in _load_unlocked\n    ???\n/home/ubuntu/.local/lib/python3.13/site-packages/_pytest/assertion/rewrite.py:186: in exec_module\n    exec(co, module.__dict__)\ntests/test_gui_comprehensive.py:16: in <module>\n    from gui import MainWindow, ConfigurationDialog, SystemWorker\ngui.py:23: in <module>\n    from PyQt6.QtWidgets import (\nE   ImportError: cannot import name 'QAction' from 'PyQt6.QtWidgets' (/home/ubuntu/.local/lib/python3.13/site-packages/PyQt6/QtWidgets.abi3.so)\n=============================== warnings summary ===============================\n../home/ubuntu/.local/lib/python3.13/site-packages/PyPDF2/__init__.py:21\n  /home/ubuntu/.local/lib/python3.13/site-packages/PyPDF2/__init__.py:21: DeprecationWarning: PyPDF2 is deprecated. Please move to the pypdf library instead.\n    warnings.warn(\n\n-- Docs: https://docs.pytest.org/en/stable/how-to/capture-warnings.html\n=========================== short test summary info ============================\nERROR tests/test_gui_comprehensive.py\n!!!!!!!!!!!!!!!!!!!! Interrupted: 1 error during collection !!!!!!!!!!!!!!!!!!!!\n========================= 1 warning, 1 error in 0.12s ==========================\n",
      "stderr": ""
    },
    {
      "name": "Document Ingestor Comprehensive",
      "file": "tests/test_document_ingestor_comprehensive.py",
      "category": "unit",
      "status": "PASSED",
      "duration": 4.157223224639893,
      "passed": 35,
      "failed": 0,
      "skipped": 0,
      "errors": 0,
      "total": 35,
      "returncode": 0,
      "stdout": "============================= test session starts ==============================\nplatform linux -- Python 3.13.3, pytest-8.4.2, pluggy-1.6.0 -- /usr/bin/python3\ncachedir: .pytest_cache\nrootdir: /workspace\nconfigfile: pyproject.toml\nplugins: anyio-4.10.0, asyncio-1.1.0, mock-3.15.0\nasyncio: mode=Mode.STRICT, asyncio_default_fixture_loop_scope=None, asyncio_default_test_loop_scope=function\ncollecting ... collected 35 items\n\ntests/test_document_ingestor_comprehensive.py::TestDocumentIngestorCore::test_ingestor_initialization PASSED [  2%]\ntests/test_document_ingestor_comprehensive.py::TestDocumentIngestorCore::test_supported_formats PASSED [  5%]\ntests/test_document_ingestor_comprehensive.py::TestDocumentIngestorCore::test_format_detection PASSED [  8%]\ntests/test_document_ingestor_comprehensive.py::TestDocumentIngestorCore::test_unsupported_format PASSED [ 11%]\ntests/test_document_ingestor_comprehensive.py::TestPDFProcessing::test_pdf_metadata_extraction PASSED [ 14%]\ntests/test_document_ingestor_comprehensive.py::TestPDFProcessing::test_pdf_text_extraction PASSED [ 17%]\ntests/test_document_ingestor_comprehensive.py::TestPDFProcessing::test_pdf_multiple_pages PASSED [ 20%]\ntests/test_document_ingestor_comprehensive.py::TestPDFProcessing::test_pdf_error_handling PASSED [ 22%]\ntests/test_document_ingestor_comprehensive.py::TestTXTProcessing::test_txt_metadata_extraction PASSED [ 25%]\ntests/test_document_ingestor_comprehensive.py::TestTXTProcessing::test_txt_text_extraction PASSED [ 28%]\ntests/test_document_ingestor_comprehensive.py::TestTXTProcessing::test_txt_encoding_handling PASSED [ 31%]\ntests/test_document_ingestor_comprehensive.py::TestMarkdownProcessing::test_md_metadata_extraction PASSED [ 34%]\ntests/test_document_ingestor_comprehensive.py::TestMarkdownProcessing::test_md_text_extraction PASSED [ 37%]\ntests/test_document_ingestor_comprehensive.py::TestMarkdownProcessing::test_md_frontmatter_handling PASSED [ 40%]\ntests/test_document_ingestor_comprehensive.py::TestDOCXProcessing::test_docx_metadata_extraction PASSED [ 42%]\ntests/test_document_ingestor_comprehensive.py::TestDOCXProcessing::test_docx_text_extraction PASSED [ 45%]\ntests/test_document_ingestor_comprehensive.py::TestDOCXProcessing::test_docx_error_handling PASSED [ 48%]\ntests/test_document_ingestor_comprehensive.py::TestEPUBProcessing::test_epub_metadata_extraction PASSED [ 51%]\ntests/test_document_ingestor_comprehensive.py::TestEPUBProcessing::test_epub_text_extraction PASSED [ 54%]\ntests/test_document_ingestor_comprehensive.py::TestDocumentMetadata::test_metadata_creation PASSED [ 57%]\ntests/test_document_ingestor_comprehensive.py::TestDocumentMetadata::test_metadata_validation PASSED [ 60%]\ntests/test_document_ingestor_comprehensive.py::TestDocumentIngestion::test_pdf_ingestion PASSED [ 62%]\ntests/test_document_ingestor_comprehensive.py::TestDocumentIngestion::test_txt_ingestion PASSED [ 65%]\ntests/test_document_ingestor_comprehensive.py::TestDocumentIngestion::test_md_ingestion PASSED [ 68%]\ntests/test_document_ingestor_comprehensive.py::TestDocumentIngestion::test_docx_ingestion PASSED [ 71%]\ntests/test_document_ingestor_comprehensive.py::TestDocumentIngestion::test_epub_ingestion PASSED [ 74%]\ntests/test_document_ingestor_comprehensive.py::TestErrorHandling::test_nonexistent_file PASSED [ 77%]\ntests/test_document_ingestor_comprehensive.py::TestErrorHandling::test_corrupted_pdf PASSED [ 80%]\ntests/test_document_ingestor_comprehensive.py::TestErrorHandling::test_corrupted_docx PASSED [ 82%]\ntests/test_document_ingestor_comprehensive.py::TestErrorHandling::test_permission_error PASSED [ 85%]\ntests/test_document_ingestor_comprehensive.py::TestErrorHandling::test_encoding_error PASSED [ 88%]\ntests/test_document_ingestor_comprehensive.py::TestPerformance::test_large_file_handling PASSED [ 91%]\ntests/test_document_ingestor_comprehensive.py::TestPerformance::test_ingestion_performance PASSED [ 94%]\ntests/test_document_ingestor_comprehensive.py::TestIntegration::test_memory_manager_integration PASSED [ 97%]\ntests/test_document_ingestor_comprehensive.py::TestIntegration::test_agent_integration PASSED [100%]\n\n=============================== warnings summary ===============================\n../home/ubuntu/.local/lib/python3.13/site-packages/PyPDF2/__init__.py:21\n  /home/ubuntu/.local/lib/python3.13/site-packages/PyPDF2/__init__.py:21: DeprecationWarning: PyPDF2 is deprecated. Please move to the pypdf library instead.\n    warnings.warn(\n\n-- Docs: https://docs.pytest.org/en/stable/how-to/capture-warnings.html\n============================= slowest 10 durations =============================\n0.01s call     tests/test_document_ingestor_comprehensive.py::TestPerformance::test_large_file_handling\n0.00s call     tests/test_document_ingestor_comprehensive.py::TestDocumentIngestion::test_docx_ingestion\n0.00s call     tests/test_document_ingestor_comprehensive.py::TestPDFProcessing::test_pdf_metadata_extraction\n0.00s call     tests/test_document_ingestor_comprehensive.py::TestDocumentIngestion::test_pdf_ingestion\n0.00s call     tests/test_document_ingestor_comprehensive.py::TestErrorHandling::test_encoding_error\n0.00s call     tests/test_document_ingestor_comprehensive.py::TestDocumentIngestion::test_epub_ingestion\n0.00s call     tests/test_document_ingestor_comprehensive.py::TestPDFProcessing::test_pdf_error_handling\n0.00s call     tests/test_document_ingestor_comprehensive.py::TestPDFProcessing::test_pdf_text_extraction\n0.00s call     tests/test_document_ingestor_comprehensive.py::TestErrorHandling::test_corrupted_pdf\n0.00s call     tests/test_document_ingestor_comprehensive.py::TestPDFProcessing::test_pdf_multiple_pages\n======================== 35 passed, 1 warning in 0.06s =========================\n",
      "stderr": ""
    },
    {
      "name": "Memory Manager Comprehensive",
      "file": "tests/test_memory_manager_comprehensive.py",
      "category": "unit",
      "status": "PASSED",
      "duration": 14.464822769165039,
      "passed": 30,
      "failed": 0,
      "skipped": 0,
      "errors": 0,
      "total": 30,
      "returncode": 0,
      "stdout": "============================= test session starts ==============================\nplatform linux -- Python 3.13.3, pytest-8.4.2, pluggy-1.6.0 -- /usr/bin/python3\ncachedir: .pytest_cache\nrootdir: /workspace\nconfigfile: pyproject.toml\nplugins: anyio-4.10.0, asyncio-1.1.0, mock-3.15.0\nasyncio: mode=Mode.STRICT, asyncio_default_fixture_loop_scope=None, asyncio_default_test_loop_scope=function\ncollecting ... collected 30 items\n\ntests/test_memory_manager_comprehensive.py::TestMemoryManagerCore::test_memory_manager_initialization PASSED [  3%]\ntests/test_memory_manager_comprehensive.py::TestMemoryManagerCore::test_memory_manager_configuration PASSED [  6%]\ntests/test_memory_manager_comprehensive.py::TestMemoryManagerCore::test_memory_manager_stats PASSED [ 10%]\ntests/test_memory_manager_comprehensive.py::TestMemoryEntry::test_memory_entry_creation PASSED [ 13%]\ntests/test_memory_manager_comprehensive.py::TestMemoryEntry::test_memory_entry_validation PASSED [ 16%]\ntests/test_memory_manager_comprehensive.py::TestMemoryEntry::test_memory_entry_metadata PASSED [ 20%]\ntests/test_memory_manager_comprehensive.py::TestRetrievalResult::test_retrieval_result_creation PASSED [ 23%]\ntests/test_memory_manager_comprehensive.py::TestRetrievalResult::test_retrieval_result_validation PASSED [ 26%]\ntests/test_memory_manager_comprehensive.py::TestDocumentStorage::test_store_document_chunks PASSED [ 30%]\ntests/test_memory_manager_comprehensive.py::TestDocumentStorage::test_store_single_chunk PASSED [ 33%]\ntests/test_memory_manager_comprehensive.py::TestDocumentStorage::test_store_empty_chunks PASSED [ 36%]\ntests/test_memory_manager_comprehensive.py::TestDocumentRetrieval::test_retrieve_relevant_chunks PASSED [ 40%]\ntests/test_memory_manager_comprehensive.py::TestDocumentRetrieval::test_retrieve_with_filters PASSED [ 43%]\ntests/test_memory_manager_comprehensive.py::TestDocumentRetrieval::test_retrieve_empty_database PASSED [ 46%]\ntests/test_memory_manager_comprehensive.py::TestRAGPipeline::test_complete_rag_pipeline PASSED [ 50%]\ntests/test_memory_manager_comprehensive.py::TestRAGPipeline::test_context_assembly PASSED [ 53%]\ntests/test_memory_manager_comprehensive.py::TestRAGPipeline::test_context_length_management PASSED [ 56%]\ntests/test_memory_manager_comprehensive.py::TestMemoryOperations::test_add_agent_notes PASSED [ 60%]\ntests/test_memory_manager_comprehensive.py::TestMemoryOperations::test_search_by_tags PASSED [ 63%]\ntests/test_memory_manager_comprehensive.py::TestMemoryOperations::test_get_stats PASSED [ 66%]\ntests/test_memory_manager_comprehensive.py::TestMemoryOperations::test_clear_memory PASSED [ 70%]\ntests/test_memory_manager_comprehensive.py::TestErrorHandling::test_invalid_chunk_data PASSED [ 73%]\ntests/test_memory_manager_comprehensive.py::TestErrorHandling::test_retrieval_with_invalid_query PASSED [ 76%]\ntests/test_memory_manager_comprehensive.py::TestErrorHandling::test_retrieval_with_invalid_parameters PASSED [ 80%]\ntests/test_memory_manager_comprehensive.py::TestPerformance::test_large_document_handling PASSED [ 83%]\ntests/test_memory_manager_comprehensive.py::TestPerformance::test_retrieval_performance PASSED [ 86%]\ntests/test_memory_manager_comprehensive.py::TestPerformance::test_concurrent_operations PASSED [ 90%]\ntests/test_memory_manager_comprehensive.py::TestIntegration::test_llm_client_integration PASSED [ 93%]\ntests/test_memory_manager_comprehensive.py::TestIntegration::test_agent_integration PASSED [ 96%]\ntests/test_memory_manager_comprehensive.py::TestIntegration::test_document_ingestor_integration PASSED [100%]\n\n=============================== warnings summary ===============================\n../home/ubuntu/.local/lib/python3.13/site-packages/PyPDF2/__init__.py:21\n  /home/ubuntu/.local/lib/python3.13/site-packages/PyPDF2/__init__.py:21: DeprecationWarning: PyPDF2 is deprecated. Please move to the pypdf library instead.\n    warnings.warn(\n\ntests/test_memory_manager_comprehensive.py::TestMemoryOperations::test_add_agent_notes\ntests/test_memory_manager_comprehensive.py::TestIntegration::test_agent_integration\n  /workspace/memory_manager.py:336: PydanticDeprecatedSince20: The `dict` method is deprecated; use `model_dump` instead. Deprecated in Pydantic V2.0 to be removed in V3.0. See Pydantic V2 Migration Guide at https://errors.pydantic.dev/2.11/migration/\n    metadata_dict = memory_entry.dict()\n\n-- Docs: https://docs.pytest.org/en/stable/how-to/capture-warnings.html\n============================= slowest 10 durations =============================\n0.68s call     tests/test_memory_manager_comprehensive.py::TestPerformance::test_large_document_handling\n0.46s setup    tests/test_memory_manager_comprehensive.py::TestMemoryManagerCore::test_memory_manager_initialization\n0.44s setup    tests/test_memory_manager_comprehensive.py::TestPerformance::test_concurrent_operations\n0.36s setup    tests/test_memory_manager_comprehensive.py::TestDocumentStorage::test_store_single_chunk\n0.34s setup    tests/test_memory_manager_comprehensive.py::TestMemoryOperations::test_search_by_tags\n0.33s setup    tests/test_memory_manager_comprehensive.py::TestIntegration::test_agent_integration\n0.33s setup    tests/test_memory_manager_comprehensive.py::TestErrorHandling::test_invalid_chunk_data\n0.33s setup    tests/test_memory_manager_comprehensive.py::TestIntegration::test_llm_client_integration\n0.33s setup    tests/test_memory_manager_comprehensive.py::TestErrorHandling::test_retrieval_with_invalid_parameters\n0.33s setup    tests/test_memory_manager_comprehensive.py::TestDocumentStorage::test_store_empty_chunks\n======================== 30 passed, 3 warnings in 9.99s ========================\n",
      "stderr": ""
    },
    {
      "name": "LLM Client Comprehensive",
      "file": "tests/test_llm_client_comprehensive.py",
      "category": "unit",
      "status": "PASSED",
      "duration": 5.256228446960449,
      "passed": 39,
      "failed": 0,
      "skipped": 0,
      "errors": 0,
      "total": 39,
      "returncode": 0,
      "stdout": "============================= test session starts ==============================\nplatform linux -- Python 3.13.3, pytest-8.4.2, pluggy-1.6.0 -- /usr/bin/python3\ncachedir: .pytest_cache\nrootdir: /workspace\nconfigfile: pyproject.toml\nplugins: anyio-4.10.0, asyncio-1.1.0, mock-3.15.0\nasyncio: mode=Mode.STRICT, asyncio_default_fixture_loop_scope=None, asyncio_default_test_loop_scope=function\ncollecting ... collected 39 items\n\ntests/test_llm_client_comprehensive.py::TestLLMClientCore::test_llm_client_initialization PASSED [  2%]\ntests/test_llm_client_comprehensive.py::TestLLMClientCore::test_llm_client_configuration PASSED [  5%]\ntests/test_llm_client_comprehensive.py::TestLLMClientCore::test_llm_client_providers PASSED [  7%]\ntests/test_llm_client_comprehensive.py::TestLLMRequest::test_llm_request_creation PASSED [ 10%]\ntests/test_llm_client_comprehensive.py::TestLLMRequest::test_llm_request_defaults PASSED [ 12%]\ntests/test_llm_client_comprehensive.py::TestLLMRequest::test_llm_request_custom_values PASSED [ 15%]\ntests/test_llm_client_comprehensive.py::TestLLMResponse::test_llm_response_creation PASSED [ 17%]\ntests/test_llm_client_comprehensive.py::TestLLMResponse::test_llm_response_defaults PASSED [ 20%]\ntests/test_llm_client_comprehensive.py::TestLLMResponse::test_llm_response_custom_values PASSED [ 23%]\ntests/test_llm_client_comprehensive.py::TestOpenAIProvider::test_openai_provider_initialization PASSED [ 25%]\ntests/test_llm_client_comprehensive.py::TestOpenAIProvider::test_openai_generate PASSED [ 28%]\ntests/test_llm_client_comprehensive.py::TestOpenAIProvider::test_openai_error_handling PASSED [ 30%]\ntests/test_llm_client_comprehensive.py::TestOpenAIProvider::test_openai_rate_limiting PASSED [ 33%]\ntests/test_llm_client_comprehensive.py::TestOllamaProvider::test_ollama_provider_initialization PASSED [ 35%]\ntests/test_llm_client_comprehensive.py::TestOllamaProvider::test_ollama_generate PASSED [ 38%]\ntests/test_llm_client_comprehensive.py::TestOllamaProvider::test_ollama_connection_error PASSED [ 41%]\ntests/test_llm_client_comprehensive.py::TestOllamaProvider::test_ollama_server_error PASSED [ 43%]\ntests/test_llm_client_comprehensive.py::TestProviderSelection::test_primary_provider_selection PASSED [ 46%]\ntests/test_llm_client_comprehensive.py::TestProviderSelection::test_provider_availability PASSED [ 48%]\ntests/test_llm_client_comprehensive.py::TestProviderSelection::test_provider_fallback PASSED [ 51%]\ntests/test_llm_client_comprehensive.py::TestGenerationMethods::test_generate_with_request_object PASSED [ 53%]\ntests/test_llm_client_comprehensive.py::TestGenerationMethods::test_generate_with_parameters PASSED [ 56%]\ntests/test_llm_client_comprehensive.py::TestGenerationMethods::test_generate_with_context PASSED [ 58%]\ntests/test_llm_client_comprehensive.py::TestStreamingGeneration::test_stream_generate_openai PASSED [ 61%]\ntests/test_llm_client_comprehensive.py::TestStreamingGeneration::test_stream_generate_ollama PASSED [ 64%]\ntests/test_llm_client_comprehensive.py::TestErrorHandling::test_invalid_request PASSED [ 66%]\ntests/test_llm_client_comprehensive.py::TestErrorHandling::test_provider_unavailable PASSED [ 69%]\ntests/test_llm_client_comprehensive.py::TestErrorHandling::test_network_timeout PASSED [ 71%]\ntests/test_llm_client_comprehensive.py::TestErrorHandling::test_invalid_response_format PASSED [ 74%]\ntests/test_llm_client_comprehensive.py::TestPerformance::test_generation_performance PASSED [ 76%]\ntests/test_llm_client_comprehensive.py::TestPerformance::test_concurrent_generation PASSED [ 79%]\ntests/test_llm_client_comprehensive.py::TestPerformance::test_large_prompt_handling PASSED [ 82%]\ntests/test_llm_client_comprehensive.py::TestIntegration::test_memory_manager_integration PASSED [ 84%]\ntests/test_llm_client_comprehensive.py::TestIntegration::test_available_models PASSED [ 87%]\ntests/test_llm_client_comprehensive.py::TestIntegration::test_switch_provider PASSED [ 89%]\ntests/test_llm_client_comprehensive.py::TestIntegration::test_get_provider_info PASSED [ 92%]\ntests/test_llm_client_comprehensive.py::TestConfiguration::test_environment_variable_loading PASSED [ 94%]\ntests/test_llm_client_comprehensive.py::TestConfiguration::test_configuration_validation PASSED [ 97%]\ntests/test_llm_client_comprehensive.py::TestConfiguration::test_custom_ollama_url PASSED [100%]\n\n=============================== warnings summary ===============================\n../home/ubuntu/.local/lib/python3.13/site-packages/PyPDF2/__init__.py:21\n  /home/ubuntu/.local/lib/python3.13/site-packages/PyPDF2/__init__.py:21: DeprecationWarning: PyPDF2 is deprecated. Please move to the pypdf library instead.\n    warnings.warn(\n\ntests/test_llm_client_comprehensive.py::TestIntegration::test_memory_manager_integration\n  /workspace/memory_manager.py:336: PydanticDeprecatedSince20: The `dict` method is deprecated; use `model_dump` instead. Deprecated in Pydantic V2.0 to be removed in V3.0. See Pydantic V2 Migration Guide at https://errors.pydantic.dev/2.11/migration/\n    metadata_dict = memory_entry.dict()\n\n-- Docs: https://docs.pytest.org/en/stable/how-to/capture-warnings.html\n============================= slowest 10 durations =============================\n0.48s call     tests/test_llm_client_comprehensive.py::TestIntegration::test_memory_manager_integration\n0.13s call     tests/test_llm_client_comprehensive.py::TestOpenAIProvider::test_openai_generate\n0.02s call     tests/test_llm_client_comprehensive.py::TestLLMClientCore::test_llm_client_configuration\n0.01s call     tests/test_llm_client_comprehensive.py::TestConfiguration::test_custom_ollama_url\n0.01s call     tests/test_llm_client_comprehensive.py::TestOllamaProvider::test_ollama_generate\n0.01s call     tests/test_llm_client_comprehensive.py::TestProviderSelection::test_provider_fallback\n0.01s call     tests/test_llm_client_comprehensive.py::TestOpenAIProvider::test_openai_error_handling\n0.01s call     tests/test_llm_client_comprehensive.py::TestOpenAIProvider::test_openai_rate_limiting\n0.01s call     tests/test_llm_client_comprehensive.py::TestStreamingGeneration::test_stream_generate_openai\n0.01s call     tests/test_llm_client_comprehensive.py::TestProviderSelection::test_primary_provider_selection\n======================== 39 passed, 2 warnings in 0.76s ========================\n",
      "stderr": ""
    },
    {
      "name": "Tool Manager Comprehensive",
      "file": "tests/test_tool_manager_comprehensive.py",
      "category": "unit",
      "status": "FAILED",
      "duration": 4.1822192668914795,
      "passed": 0,
      "failed": 0,
      "skipped": 0,
      "errors": 0,
      "total": 0,
      "returncode": 2,
      "stdout": "============================= test session starts ==============================\nplatform linux -- Python 3.13.3, pytest-8.4.2, pluggy-1.6.0 -- /usr/bin/python3\ncachedir: .pytest_cache\nrootdir: /workspace\nconfigfile: pyproject.toml\nplugins: anyio-4.10.0, asyncio-1.1.0, mock-3.15.0\nasyncio: mode=Mode.STRICT, asyncio_default_fixture_loop_scope=None, asyncio_default_test_loop_scope=function\ncollecting ... collected 0 items / 1 error\n\n==================================== ERRORS ====================================\n__________ ERROR collecting tests/test_tool_manager_comprehensive.py ___________\nImportError while importing test module '/workspace/tests/test_tool_manager_comprehensive.py'.\nHint: make sure your test modules/packages have valid Python names.\nTraceback:\n/home/ubuntu/.local/lib/python3.13/site-packages/_pytest/python.py:498: in importtestmodule\n    mod = import_path(\n/home/ubuntu/.local/lib/python3.13/site-packages/_pytest/pathlib.py:587: in import_path\n    importlib.import_module(module_name)\n/usr/lib/python3.13/importlib/__init__.py:88: in import_module\n    return _bootstrap._gcd_import(name[level:], package, level)\n           ^^^^^^^^^^^^^^^^^^^^^^^^^^^^^^^^^^^^^^^^^^^^^^^^^^^^\n<frozen importlib._bootstrap>:1387: in _gcd_import\n    ???\n<frozen importlib._bootstrap>:1360: in _find_and_load\n    ???\n<frozen importlib._bootstrap>:1331: in _find_and_load_unlocked\n    ???\n<frozen importlib._bootstrap>:935: in _load_unlocked\n    ???\n/home/ubuntu/.local/lib/python3.13/site-packages/_pytest/assertion/rewrite.py:186: in exec_module\n    exec(co, module.__dict__)\ntests/test_tool_manager_comprehensive.py:15: in <module>\n    from tool_manager import (\nE   ImportError: cannot import name 'ToolExecutionError' from 'tool_manager' (/workspace/tool_manager.py)\n=============================== warnings summary ===============================\n../home/ubuntu/.local/lib/python3.13/site-packages/PyPDF2/__init__.py:21\n  /home/ubuntu/.local/lib/python3.13/site-packages/PyPDF2/__init__.py:21: DeprecationWarning: PyPDF2 is deprecated. Please move to the pypdf library instead.\n    warnings.warn(\n\n-- Docs: https://docs.pytest.org/en/stable/how-to/capture-warnings.html\n=========================== short test summary info ============================\nERROR tests/test_tool_manager_comprehensive.py\n!!!!!!!!!!!!!!!!!!!! Interrupted: 1 error during collection !!!!!!!!!!!!!!!!!!!!\n========================= 1 warning, 1 error in 0.10s ==========================\n",
      "stderr": ""
    },
    {
      "name": "Agent Manager Comprehensive",
      "file": "tests/test_agent_manager_comprehensive.py",
      "category": "unit",
      "status": "FAILED",
      "duration": 4.237155914306641,
      "passed": 0,
      "failed": 0,
      "skipped": 0,
      "errors": 0,
      "total": 0,
      "returncode": 2,
      "stdout": "============================= test session starts ==============================\nplatform linux -- Python 3.13.3, pytest-8.4.2, pluggy-1.6.0 -- /usr/bin/python3\ncachedir: .pytest_cache\nrootdir: /workspace\nconfigfile: pyproject.toml\nplugins: anyio-4.10.0, asyncio-1.1.0, mock-3.15.0\nasyncio: mode=Mode.STRICT, asyncio_default_fixture_loop_scope=None, asyncio_default_test_loop_scope=function\ncollecting ... collected 0 items / 1 error\n\n==================================== ERRORS ====================================\n__________ ERROR collecting tests/test_agent_manager_comprehensive.py __________\nImportError while importing test module '/workspace/tests/test_agent_manager_comprehensive.py'.\nHint: make sure your test modules/packages have valid Python names.\nTraceback:\n/home/ubuntu/.local/lib/python3.13/site-packages/_pytest/python.py:498: in importtestmodule\n    mod = import_path(\n/home/ubuntu/.local/lib/python3.13/site-packages/_pytest/pathlib.py:587: in import_path\n    importlib.import_module(module_name)\n/usr/lib/python3.13/importlib/__init__.py:88: in import_module\n    return _bootstrap._gcd_import(name[level:], package, level)\n           ^^^^^^^^^^^^^^^^^^^^^^^^^^^^^^^^^^^^^^^^^^^^^^^^^^^^\n<frozen importlib._bootstrap>:1387: in _gcd_import\n    ???\n<frozen importlib._bootstrap>:1360: in _find_and_load\n    ???\n<frozen importlib._bootstrap>:1331: in _find_and_load_unlocked\n    ???\n<frozen importlib._bootstrap>:935: in _load_unlocked\n    ???\n/home/ubuntu/.local/lib/python3.13/site-packages/_pytest/assertion/rewrite.py:186: in exec_module\n    exec(co, module.__dict__)\ntests/test_agent_manager_comprehensive.py:15: in <module>\n    from agent_manager import (\nE   ImportError: cannot import name 'Agent' from 'agent_manager' (/workspace/agent_manager.py)\n=============================== warnings summary ===============================\n../home/ubuntu/.local/lib/python3.13/site-packages/PyPDF2/__init__.py:21\n  /home/ubuntu/.local/lib/python3.13/site-packages/PyPDF2/__init__.py:21: DeprecationWarning: PyPDF2 is deprecated. Please move to the pypdf library instead.\n    warnings.warn(\n\n-- Docs: https://docs.pytest.org/en/stable/how-to/capture-warnings.html\n=========================== short test summary info ============================\nERROR tests/test_agent_manager_comprehensive.py\n!!!!!!!!!!!!!!!!!!!! Interrupted: 1 error during collection !!!!!!!!!!!!!!!!!!!!\n========================= 1 warning, 1 error in 0.10s ==========================\n",
      "stderr": ""
    },
    {
      "name": "System Integration Comprehensive",
      "file": "tests/test_system_integration_comprehensive.py",
      "category": "integration",
      "status": "FAILED",
      "duration": 4.272406816482544,
      "passed": 0,
      "failed": 0,
      "skipped": 0,
      "errors": 0,
      "total": 0,
      "returncode": 2,
      "stdout": "============================= test session starts ==============================\nplatform linux -- Python 3.13.3, pytest-8.4.2, pluggy-1.6.0 -- /usr/bin/python3\ncachedir: .pytest_cache\nrootdir: /workspace\nconfigfile: pyproject.toml\nplugins: anyio-4.10.0, asyncio-1.1.0, mock-3.15.0\nasyncio: mode=Mode.STRICT, asyncio_default_fixture_loop_scope=None, asyncio_default_test_loop_scope=function\ncollecting ... collected 0 items / 1 error\n\n==================================== ERRORS ====================================\n_______ ERROR collecting tests/test_system_integration_comprehensive.py ________\nImportError while importing test module '/workspace/tests/test_system_integration_comprehensive.py'.\nHint: make sure your test modules/packages have valid Python names.\nTraceback:\n/home/ubuntu/.local/lib/python3.13/site-packages/_pytest/python.py:498: in importtestmodule\n    mod = import_path(\n/home/ubuntu/.local/lib/python3.13/site-packages/_pytest/pathlib.py:587: in import_path\n    importlib.import_module(module_name)\n/usr/lib/python3.13/importlib/__init__.py:88: in import_module\n    return _bootstrap._gcd_import(name[level:], package, level)\n           ^^^^^^^^^^^^^^^^^^^^^^^^^^^^^^^^^^^^^^^^^^^^^^^^^^^^\n<frozen importlib._bootstrap>:1387: in _gcd_import\n    ???\n<frozen importlib._bootstrap>:1360: in _find_and_load\n    ???\n<frozen importlib._bootstrap>:1331: in _find_and_load_unlocked\n    ???\n<frozen importlib._bootstrap>:935: in _load_unlocked\n    ???\n/home/ubuntu/.local/lib/python3.13/site-packages/_pytest/assertion/rewrite.py:186: in exec_module\n    exec(co, module.__dict__)\ntests/test_system_integration_comprehensive.py:20: in <module>\n    from agent_manager import AgentManager, Agent, AgentTask, TaskPriority\nE   ImportError: cannot import name 'Agent' from 'agent_manager' (/workspace/agent_manager.py)\n=============================== warnings summary ===============================\n../home/ubuntu/.local/lib/python3.13/site-packages/PyPDF2/__init__.py:21\n  /home/ubuntu/.local/lib/python3.13/site-packages/PyPDF2/__init__.py:21: DeprecationWarning: PyPDF2 is deprecated. Please move to the pypdf library instead.\n    warnings.warn(\n\n-- Docs: https://docs.pytest.org/en/stable/how-to/capture-warnings.html\n=========================== short test summary info ============================\nERROR tests/test_system_integration_comprehensive.py\n!!!!!!!!!!!!!!!!!!!! Interrupted: 1 error during collection !!!!!!!!!!!!!!!!!!!!\n========================= 1 warning, 1 error in 0.10s ==========================\n",
      "stderr": ""
    }
  ],
  "summary": {
    "total_tests": 176,
    "passed": 174,
    "failed": 0,
    "skipped": 2,
    "errors": 0,
    "success_rate": 100.0,
    "total_duration": 58.238850831985474,
    "test_suites": 10
  },
  "recommendations": [
    {
      "priority": "low",
      "category": "performance",
      "issue": "Excellent Success Rate",
      "solution": "System is performing excellently. Focus on performance optimization and new features.",
      "impact": "maintenance"
    },
    {
      "priority": "high",
      "category": "testing",
      "issue": "Failed Test Suite: GUI Comprehensive",
      "solution": "Review and fix issues in tests/test_gui_comprehensive.py. Check error messages for specific problems.",
      "impact": "testing"
    },
    {
      "priority": "high",
      "category": "testing",
      "issue": "Failed Test Suite: Tool Manager Comprehensive",
      "solution": "Review and fix issues in tests/test_tool_manager_comprehensive.py. Check error messages for specific problems.",
      "impact": "testing"
    },
    {
      "priority": "high",
      "category": "testing",
      "issue": "Failed Test Suite: Agent Manager Comprehensive",
      "solution": "Review and fix issues in tests/test_agent_manager_comprehensive.py. Check error messages for specific problems.",
      "impact": "testing"
    },
    {
      "priority": "high",
      "category": "testing",
      "issue": "Failed Test Suite: System Integration Comprehensive",
      "solution": "Review and fix issues in tests/test_system_integration_comprehensive.py. Check error messages for specific problems.",
      "impact": "testing"
    },
    {
      "priority": "medium",
      "category": "testing",
      "issue": "Missing Test Coverage: book_workflow, error_handling, performance",
      "solution": "Add comprehensive tests for missing features.",
      "impact": "quality"
    },
    {
      "priority": "low",
      "category": "documentation",
      "issue": "Test Documentation",
      "solution": "Add comprehensive test documentation and examples.",
      "impact": "maintainability"
    },
    {
      "priority": "medium",
      "category": "automation",
      "issue": "Continuous Integration",
      "solution": "Set up automated testing pipeline for continuous validation.",
      "impact": "development"
    },
    {
      "priority": "low",
      "category": "monitoring",
      "issue": "Test Monitoring",
      "solution": "Add test result monitoring and alerting for failures.",
      "impact": "reliability"
    }
  ],
  "performance_metrics": {
    "total_duration": 58.238850831985474,
    "average_duration_per_suite": 5.823885083198547,
    "slowest_suite": "Memory Manager Comprehensive",
    "fastest_suite": "GUI Comprehensive",
    "slow_test_count": 0,
    "performance_categories": {
      "excellent": 6,
      "good": 4,
      "acceptable": 0,
      "slow": 0,
      "very_slow": 0
    }
  },
  "coverage_analysis": {
    "total_modules_tested": 8,
    "modules_covered": [
      "memory_manager",
      "llm_client",
      "tool_manager",
      "agent_manager",
      "document_ingestor",
      "book_workflow",
      "gui",
      "cli"
    ],
    "modules_missing": [],
    "test_categories": {
      "unit_tests": 0,
      "integration_tests": 0,
      "system_tests": 0,
      "performance_tests": 0
    },
    "feature_coverage": {
      "core_functionality": true,
      "memory_management": true,
      "llm_integration": true,
      "tool_management": true,
      "agent_coordination": true,
      "document_processing": true,
      "gui_functionality": true,
      "book_workflow": false,
      "error_handling": false,
      "performance": false
    }
  }
}